#
# There is insufficient memory for the Java Runtime Environment to continue.
# Native memory allocation (mmap) failed to map 534773760 bytes for Failed to commit area from 0x0000000602400000 to 0x0000000622200000 of length 534773760.
# Possible reasons:
#   The system is out of physical RAM or swap space
#   The process is running with CompressedOops enabled, and the Java Heap may be blocking the growth of the native heap
# Possible solutions:
#   Reduce memory load on the system
#   Increase physical memory or swap space
#   Check if swap backing store is full
#   Decrease Java heap size (-Xmx/-Xms)
#   Decrease number of Java threads
#   Decrease Java thread stack sizes (-Xss)
#   Set larger code cache with -XX:ReservedCodeCacheSize=
# This output file may be truncated or incomplete.
#
#  Out of Memory Error (src/hotspot/os/windows/os_windows.cpp:3624), pid=33656, tid=36892
#
# JRE version:  (11.0.14.1+1) (build )
# Java VM: OpenJDK 64-Bit Server VM (11.0.14.1+1-b2043.45, mixed mode, sharing, tiered, compressed oops, g1 gc, windows-amd64)
# No core dump will be written. Minidumps are not enabled by default on client versions of Windows
#

---------------  S U M M A R Y ------------

Command Line: git4idea.http.GitAskPassApp Username for 'https://github.com': 

Host: Intel(R) Core(TM) i7-7700HQ CPU @ 2.80GHz, 8 cores, 31G,  Windows 10 , 64 bit Build 17763 (10.0.17763.2928)
Time: Mon Jun  6 22:03:28 2022 E. Africa Standard Time elapsed time: 0.038688 seconds (0d 0h 0m 0s)

---------------  T H R E A D  ---------------

Current thread (0x0000018f2b526000):  JavaThread "Unknown thread" [_thread_in_vm, id=36892, stack(0x0000004e6b600000,0x0000004e6b700000)]

Stack: [0x0000004e6b600000,0x0000004e6b700000]
Native frames: (J=compiled Java code, j=interpreted, Vv=VM code, C=native code)
V  [jvm.dll+0x61618a]
V  [jvm.dll+0x79c450]
V  [jvm.dll+0x79da6d]
V  [jvm.dll+0x79e143]
V  [jvm.dll+0x24c968]
V  [jvm.dll+0x6131f4]
V  [jvm.dll+0x607ef5]
V  [jvm.dll+0x30b35b]
V  [jvm.dll+0x30b2ca]
V  [jvm.dll+0x30b1a2]
V  [jvm.dll+0x3100f6]
V  [jvm.dll+0x35b7e3]
V  [jvm.dll+0x35bee6]
V  [jvm.dll+0x35b8e3]
V  [jvm.dll+0x2e5b68]
V  [jvm.dll+0x2e6d17]
V  [jvm.dll+0x779087]
V  [jvm.dll+0x77a87c]
V  [jvm.dll+0x368d99]
V  [jvm.dll+0x75c9de]
V  [jvm.dll+0x3d6d53]
V  [jvm.dll+0x3d92f1]
C  [jli.dll+0x536b]
C  [ucrtbase.dll+0x2268a]
C  [KERNEL32.DLL+0x17974]
C  [ntdll.dll+0x5a2f1]


---------------  P R O C E S S  ---------------

Threads class SMR info:
_java_thread_list=0x0000018f292b63b0, length=0, elements={
}

Java Threads: ( => current thread )

Other Threads:
  0x0000018f2b53b000 GCTaskThread "GC Thread#0" [stack: 0x0000004e6b700000,0x0000004e6b800000] [id=26628]
  0x0000018f2b5b9000 ConcurrentGCThread "G1 Main Marker" [stack: 0x0000004e6b800000,0x0000004e6b900000] [id=37808]
  0x0000018f2b5bb800 ConcurrentGCThread "G1 Conc#0" [stack: 0x0000004e6b900000,0x0000004e6ba00000] [id=32356]

[error occurred during error reporting (printing all threads), id 0xc0000005, EXCEPTION_ACCESS_VIOLATION (0xc0000005) at pc=0x00007fff09c96177]

VM state:not at safepoint (not fully initialized)

VM Mutex/Monitor currently owned by a thread:  ([mutex/lock_event])
[0x0000018f2b522400] Heap_lock - owner thread: 0x0000018f2b526000

Heap address: 0x0000000602400000, size: 8156 MB, Compressed Oops mode: Non-zero based: 0x0000000602400000
Narrow klass base: 0x0000000000000000, Narrow klass shift: 0

GC Heap History (0 events):
No events

Deoptimization events (0 events):
No events

Classes redefined (0 events):
No events

Internal exceptions (0 events):
No events

Events (1 events):
Event: 0.021 Loaded shared library F:\apps\WebStorm\ch-0\221.5591.52\jbr\bin\zip.dll


Dynamic libraries:
0x00007ff7236e0000 - 0x00007ff7236ea000 	F:\apps\WebStorm\ch-0\221.5591.52\jbr\bin\java.exe
0x00007fff8d6a0000 - 0x00007fff8d88d000 	C:\Windows\SYSTEM32\ntdll.dll
0x00007fff8cf00000 - 0x00007fff8cfb3000 	C:\Windows\System32\KERNEL32.DLL
0x00007fff8a470000 - 0x00007fff8a704000 	C:\Windows\System32\KERNELBASE.dll
0x00007fff89a30000 - 0x00007fff89b2a000 	C:\Windows\System32\ucrtbase.dll
0x00007fff07cd0000 - 0x00007fff07ce9000 	F:\apps\WebStorm\ch-0\221.5591.52\jbr\bin\jli.dll
0x00007fff06c80000 - 0x00007fff06c96000 	F:\apps\WebStorm\ch-0\221.5591.52\jbr\bin\VCRUNTIME140.dll
0x00007fff8c500000 - 0x00007fff8c697000 	C:\Windows\System32\USER32.dll
0x00007fff8a710000 - 0x00007fff8a730000 	C:\Windows\System32\win32u.dll
0x00007fff6f810000 - 0x00007fff6fa89000 	C:\Windows\WinSxS\amd64_microsoft.windows.common-controls_6595b64144ccf1df_6.0.17763.2928_none_de6f2d70534d3d29\COMCTL32.dll
0x00007fff8adc0000 - 0x00007fff8ade9000 	C:\Windows\System32\GDI32.dll
0x00007fff8d0d0000 - 0x00007fff8d16e000 	C:\Windows\System32\msvcrt.dll
0x00007fff8a2d0000 - 0x00007fff8a46c000 	C:\Windows\System32\gdi32full.dll
0x00007fff8a8d0000 - 0x00007fff8abfd000 	C:\Windows\System32\combase.dll
0x00007fff8a830000 - 0x00007fff8a8d0000 	C:\Windows\System32\msvcp_win.dll
0x00007fff8c6b0000 - 0x00007fff8c7cd000 	C:\Windows\System32\RPCRT4.dll
0x00007fff899a0000 - 0x00007fff89a22000 	C:\Windows\System32\bcryptPrimitives.dll
0x00007fff8d220000 - 0x00007fff8d24e000 	C:\Windows\System32\IMM32.DLL
0x00007fff013c0000 - 0x00007fff0146a000 	F:\apps\WebStorm\ch-0\221.5591.52\jbr\bin\msvcp140.dll
0x00007fff099a0000 - 0x00007fff0a51a000 	F:\apps\WebStorm\ch-0\221.5591.52\jbr\bin\server\jvm.dll
0x00007fff8ae00000 - 0x00007fff8aea7000 	C:\Windows\System32\ADVAPI32.dll
0x00007fff8d030000 - 0x00007fff8d0cf000 	C:\Windows\System32\sechost.dll
0x00007fff8cef0000 - 0x00007fff8cef8000 	C:\Windows\System32\PSAPI.DLL
0x00007fff68280000 - 0x00007fff68289000 	C:\Windows\SYSTEM32\WSOCK32.dll
0x00007fff82d20000 - 0x00007fff82d44000 	C:\Windows\SYSTEM32\WINMM.dll
0x00007fff88820000 - 0x00007fff8882a000 	C:\Windows\SYSTEM32\VERSION.dll
0x00007fff8cfc0000 - 0x00007fff8d02d000 	C:\Windows\System32\WS2_32.dll
0x00007fff82cf0000 - 0x00007fff82d1d000 	C:\Windows\SYSTEM32\WINMMBASE.dll
0x00007fff8a280000 - 0x00007fff8a2ca000 	C:\Windows\System32\cfgmgr32.dll
0x00007fff89680000 - 0x00007fff89691000 	C:\Windows\System32\kernel.appcore.dll
0x00007fff74c40000 - 0x00007fff74c51000 	F:\apps\WebStorm\ch-0\221.5591.52\jbr\bin\verify.dll
0x00007fff844f0000 - 0x00007fff846dd000 	C:\Windows\SYSTEM32\DBGHELP.DLL
0x00007fff657f0000 - 0x00007fff6581a000 	C:\Windows\SYSTEM32\dbgcore.DLL
0x00007fff71e90000 - 0x00007fff71eb9000 	F:\apps\WebStorm\ch-0\221.5591.52\jbr\bin\java.dll
0x00007fff7bbb0000 - 0x00007fff7bbbb000 	F:\apps\WebStorm\ch-0\221.5591.52\jbr\bin\jimage.dll
0x00007fff74c20000 - 0x00007fff74c39000 	F:\apps\WebStorm\ch-0\221.5591.52\jbr\bin\zip.dll

dbghelp: loaded successfully - version: 4.0.5 - missing functions: none
symbol engine: initialized successfully - sym options: 0x614 - pdb path: .;F:\apps\WebStorm\ch-0\221.5591.52\jbr\bin;C:\Windows\SYSTEM32;C:\Windows\WinSxS\amd64_microsoft.windows.common-controls_6595b64144ccf1df_6.0.17763.2928_none_de6f2d70534d3d29;F:\apps\WebStorm\ch-0\221.5591.52\jbr\bin\server

VM Arguments:
java_command: git4idea.http.GitAskPassApp Username for 'https://github.com': 
java_class_path (initial): F:/apps/WebStorm/ch-0/221.5591.52/plugins/git4idea/lib/git4idea-rt.jar;F:/apps/WebStorm/ch-0/221.5591.52/lib/externalProcess-rt.jar;F:/apps/WebStorm/ch-0/221.5591.52/lib/app.jar;F:/apps/WebStorm/ch-0/221.5591.52/lib/3rd-party-rt.jar
Launcher Type: SUN_STANDARD

[Global flags]
     intx CICompilerCount                          = 4                                         {product} {ergonomic}
     uint ConcGCThreads                            = 2                                         {product} {ergonomic}
     uint G1ConcRefinementThreads                  = 8                                         {product} {ergonomic}
   size_t G1HeapRegionSize                         = 2097152                                   {product} {ergonomic}
    uintx GCDrainStackTargetSize                   = 64                                        {product} {ergonomic}
   size_t InitialHeapSize                          = 534773760                                 {product} {ergonomic}
   size_t MarkStackSize                            = 4194304                                   {product} {ergonomic}
   size_t MaxHeapSize                              = 8552185856                                {product} {ergonomic}
   size_t MinHeapDeltaBytes                        = 2097152                                   {product} {ergonomic}
    uintx NonNMethodCodeHeapSize                   = 5836300                                {pd product} {ergonomic}
    uintx NonProfiledCodeHeapSize                  = 122910970                              {pd product} {ergonomic}
    uintx ProfiledCodeHeapSize                     = 122910970                              {pd product} {ergonomic}
    uintx ReservedCodeCacheSize                    = 251658240                              {pd product} {ergonomic}
     bool SegmentedCodeCache                       = true                                      {product} {ergonomic}
     bool UseCompressedClassPointers               = true                                 {lp64_product} {ergonomic}
     bool UseCompressedOops                        = true                                 {lp64_product} {ergonomic}
     bool UseG1GC                                  = true                                      {product} {ergonomic}
     bool UseLargePagesIndividualAllocation        = false                                  {pd product} {ergonomic}

Logging:
Log output configuration:
 #0: stdout all=warning uptime,level,tags
 #1: stderr all=off uptime,level,tags

Environment Variables:
PATH=C:/Program Files/Git/mingw64/libexec/git-core;C:/Program Files/Git/mingw64/libexec/git-core;C:\Program Files\Git\mingw64\bin;C:\Program Files\Git\usr\bin;C:\Users\koskedk\bin;C:\Program Files (x86)\Microsoft SDKs\Azure\CLI2\wbin;C:\Program Files\Eclipse Foundation\jdk-8.0.302.8-hotspot\bin;C:\Program Files\Common Files\Oracle\Java\javapath;C:\Python27\Scripts\;C:\Python27\;C:\Program Files (x86)\Common Files\Oracle\Java\javapath;C:\Windows\system32;C:\Windows;C:\Windows\System32\Wbem;C:\Windows\System32\WindowsPowerShell\v1.0\;C:\Windows\System32\OpenSSH\;C:\Program Files (x86)\NVIDIA Corporation\PhysX\Common;C:\Program Files\NVIDIA Corporation\NVIDIA NvDLISR;C:\Program Files\dotnet\;C:\Program Files\Microsoft SQL Server\130\Tools\Binn\;C:\Program Files\Microsoft SQL Server\Client SDK\ODBC\170\Tools\Binn\;C:\Program Files (x86)\Microsoft SQL Server\140\Tools\Binn\;C:\Program Files\Microsoft SQL Server\140\Tools\Binn\;C:\Program Files (x86)\Microsoft SQL Server\140\DTS\Binn\;C:\Program Files\Microsoft SQL Server\140\DTS\Binn\;C:\Program Files\Microsoft SQL Server\Client SDK\ODBC\130\Tools\Binn\;C:\Program Files (x86)\Microsoft SQL Server\150\DTS\Binn\;C:\ProgramData\chocolatey\bin;F:\apps\Microsoft VS Code\bin;C:\Program Files (x86)\Microsoft SQL Server\110\DTS\Binn\;C:\Program Files (x86)\Microsoft SQL Server\120\DTS\Binn\;C:\Program Files (x86)\Microsoft SQL Server\130\DTS\Binn\;C:\Program Files (x86)\Yarn\bin\;E:\Program Files (x86)\Microsoft Visual Studio\2019\Enterprise\MSBuild\Current\Bin;C:\Program Files (x86)\Intel\Intel(R) Management Engine Components\DAL;C:\Program Files\Intel\Intel(R) Management Engine Components\DAL;C:\Program Files\Microsoft\Web Platform Installer\;C:\Program Files\Kubernetes\Minikube;F:\Program Files\Go\bin;C:\Program Files\nodejs\;C:\Program Files\Git\cmd;C:\Program Files\Docker\Docker\resources\bin;C:\ProgramData\DockerDesktop\version-bin;C:\Program Files (x86)\dotnet\;F:\Program Files\Redis\;C:\Users\koskedk\scoop\shims;C:\Users\ko
USERNAME=koskedk
DISPLAY=:0.0
LC_ALL=en_US.UTF-8
OS=Windows_NT
PROCESSOR_IDENTIFIER=Intel64 Family 6 Model 158 Stepping 9, GenuineIntel



---------------  S Y S T E M  ---------------

OS: Windows 10 , 64 bit Build 17763 (10.0.17763.2928)
OS uptime: 0 days 13:32 hours
Hyper-V role detected

CPU:total 8 (initial active 8) (4 cores per cpu, 2 threads per core) family 6 model 158 stepping 9 microcode 0xea, cmov, cx8, fxsr, mmx, sse, sse2, sse3, ssse3, sse4.1, sse4.2, popcnt, avx, avx2, aes, clmul, erms, 3dnowpref, lzcnt, ht, tsc, tscinvbit, bmi1, bmi2, adx, fma

Memory: 4k page, system-wide physical 32619M (9409M free)
TotalPageFile size 41369M (AvailPageFile size 271M)
current process WorkingSet (physical memory assigned to process): 10M, peak: 10M
current process commit charge ("private bytes"): 61M, peak: 570M

vm_info: OpenJDK 64-Bit Server VM (11.0.14.1+1-b2043.45) for windows-amd64 JRE (11.0.14.1+1-b2043.45), built on Apr 25 2022 05:49:45 by "" with MS VC++ 14.0 (VS2015)

END.
